@!@!@STARTMSG 2262:0 @!@!@
TLC2 Version 2.14 of 10 July 2019
@!@!@ENDMSG 2262 @!@!@
@!@!@STARTMSG 2187:0 @!@!@
Running breadth-first search Model-Checking with fp 27 and seed -8661577138182474640 with 2 workers on 4 cores with 583MB heap and 1308MB offheap memory [pid: 3611] (Linux 4.15.0-64-generic amd64, AdoptOpenJDK 11.0.3 x86_64, OffHeapDiskFPSet, DiskStateQueue).
@!@!@ENDMSG 2187 @!@!@
@!@!@STARTMSG 2220:0 @!@!@
Starting SANY...
@!@!@ENDMSG 2220 @!@!@
Parsing file /home/palutz/Projects/tla+/londontla/traffic2/traffic2.toolbox/Model_1/MC.tla
Parsing file /home/palutz/Projects/tla+/londontla/traffic2/traffic2.toolbox/Model_1/traffic2.tla
Parsing file /home/palutz/Apps/toolbox/plugins/org.lamport.tlatools_1.0.0.201907102009/tla2sany/StandardModules/TLC.tla
Parsing file /home/palutz/Apps/toolbox/plugins/org.lamport.tlatools_1.0.0.201907102009/tla2sany/StandardModules/Naturals.tla
Parsing file /home/palutz/Apps/toolbox/plugins/org.lamport.tlatools_1.0.0.201907102009/tla2sany/StandardModules/Sequences.tla
Parsing file /home/palutz/Apps/toolbox/plugins/org.lamport.tlatools_1.0.0.201907102009/tla2sany/StandardModules/FiniteSets.tla
Semantic processing of module traffic2
Semantic processing of module Naturals
Semantic processing of module Sequences
Semantic processing of module FiniteSets
Semantic processing of module TLC
Semantic processing of module MC
@!@!@STARTMSG 2219:0 @!@!@
SANY finished.
@!@!@ENDMSG 2219 @!@!@
@!@!@STARTMSG 2185:0 @!@!@
Starting... (2019-09-20 14:53:43)
@!@!@ENDMSG 2185 @!@!@
@!@!@STARTMSG 2231:1 @!@!@
The configuration file did not specify the initial state predicate.
Can also be caused by trying to run TLC on a specification from
a module imported with a parameterized INSTANCE statement.
@!@!@ENDMSG 2231 @!@!@
@!@!@STARTMSG 2186:0 @!@!@
Finished in 492ms at (2019-09-20 14:53:43)
@!@!@ENDMSG 2186 @!@!@
